<html>
<body>
<pre>
<h1>Vision Build Log</h1>
<h2>Tool Versions:</h2>
IDE-Version: μVision V5.21.1.0
Copyright (C) 2016 ARM Ltd and ARM Germany GmbH. All rights reserved.
License Information: 1 1, 1, LIC=47GGK-ZE1S3-Q01NJ-U7HKU-P01QR-5NNXT
 
Tool Versions:
Toolchain:       MDK-ARM Plus  Version: 5.21a
Toolchain Path:  C:\Keil_v5\ARM\ARMCC\Bin
C Compiler:      Armcc.exe V5.06 update 3 (build 300)
Assembler:       Armasm.exe V5.06 update 3 (build 300)
Linker/Locator:  ArmLink.exe V5.06 update 3 (build 300)
Library Manager: ArmAr.exe V5.06 update 3 (build 300)
Hex Converter:   FromElf.exe V5.06 update 3 (build 300)
CPU DLL:         SARMCM3.DLL V5.21a
Dialog DLL:      DARMCM1.DLL V1.14.0.0
Target DLL:      Segger\JL2CM3.dll V2.99.23.0
Dialog DLL:      TARMCM1.DLL V1.10.0.0
 
<h2>Project:</h2>
E:\学习资料\比赛\飞思卡尔智能车大赛\直立电磁组\FreescaleCar\USER\FreescaleCar.uvprojx
Project File Date:  04/23/2018

<h2>Output:</h2>
*** Using Compiler 'V5.06 update 3 (build 300)', folder: 'C:\Keil_v5\ARM\ARMCC\Bin'
Build target 'FreescaleCar'
compiling app_pid.c...
..\APP\src\app_pid.c(108): warning:  #223-D: function "drv_flash_ReadSector" declared implicitly
  	Car.PID.Turn_Kp = drv_flash_ReadSector(PID_PARA_FLASH_ADDR, 0, float);
..\APP\src\app_pid.c(108): error:  #29: expected an expression
  	Car.PID.Turn_Kp = drv_flash_ReadSector(
ID_PARA_FLASH_ADDR, 0, float);
..\APP\src\app_pid.c(109): error:  #29: expected an expression
  	Car.PID.Turn_Ki = drv_flash_ReadSector(
ID_PARA_FLASH_ADDR, 4, float);
..\APP\src\app_pid.c(110): error:  #29: expected an expression
  	Car.PID.Turn_Kd = drv_flash_ReadSector(
ID_PARA_FLASH_ADDR, 8, float);
..\APP\src\app_pid.c(112): error:  #136: struct "<unnamed>" has no field "SpeedKp"
  	Car.PID.SpeedKp = drv_flash_ReadSector(PID_PARA_FLASH_ADDR, 12, float);
..\APP\src\app_pid.c(112): error:  #29: expected an expression
  	Car.PID.SpeedKp = drv_flash_ReadSector(
ID_PARA_FLASH_ADDR, 12, float);
..\APP\src\app_pid.c(113): error:  #136: struct "<unnamed>" has no field "SpeedKi"
  	Car.PID.SpeedKi = drv_flash_ReadSector(PID_PARA_FLASH_ADDR, 16, float);
..\APP\src\app_pid.c(113): error:  #29: expected an expression
  	Car.PID.SpeedKi = drv_flash_ReadSector(
ID_PARA_FLASH_ADDR, 16, float);
..\APP\src\app_pid.c(114): error:  #136: struct "<unnamed>" has no field "SpeedKd"
  	Car.PID.SpeedKd = drv_flash_ReadSector(PID_PARA_FLASH_ADDR, 20, float);
..\APP\src\app_pid.c(114): error:  #29: expected an expression
  	Car.PID.SpeedKd = drv_flash_ReadSector(
ID_PARA_FLASH_ADDR, 20, float);
..\APP\src\app_pid.c: 1 warning, 9 errors
".\Objects\FreescaleCar.axf" - 9 Error(s), 1 Warning(s).

<h2>Collection of Component include folders:</h2>
  E:\学习资料\比赛\飞思卡尔智能车大赛\直立电磁组\FreescaleCar\USER\RTE
  D:\KeilPack\Keil\Kinetis_KEAxx_DFP\1.3.0\Device\Include

<h2>Collection of Component Files used:</h2>
Target not created.
Build Time Elapsed:  00:00:01
</pre>
</body>
</html>
